<?xml version="1.0" encoding="UTF-8"?>
<testsuite name="com.hungerbridge.common.NewAuthModelTest" tests="3" skipped="0" failures="0" errors="0" timestamp="2026-09-08T03:51:13.944Z" hostname="bdce08eb-e372-4c24-8232-f7728e03ea13" time="0.013">
  <properties/>
  <testcase name="canonicalRequestUsesNormalizedMethodPathAndJsonBody()" classname="com.hungerbridge.common.NewAuthModelTest" time="0.008"/>
  <testcase name="hkdfDerivationAndPermissionMatchingUseNewModel()" classname="com.hungerbridge.common.NewAuthModelTest" time="0.001"/>
  <testcase name="hmacVerifiesWithDerivedTokenKey()" classname="com.hungerbridge.common.NewAuthModelTest" time="0.002"/>
  <system-out><![CDATA[]]></system-out>
  <system-err><![CDATA[]]></system-err>
</testsuite>
