<?xml version="1.0" encoding="UTF-8"?>
<testsuite name="com.hungerbridge.common.TokenManagerPickupTest" tests="2" skipped="0" failures="0" errors="0" timestamp="2026-09-10T13:04:56.344Z" hostname="bdce08eb-e372-4c24-8232-f7728e03ea13" time="0.011">
  <properties/>
  <testcase name="issueAndConsumePickup()" classname="com.hungerbridge.common.TokenManagerPickupTest" time="0.007"/>
  <testcase name="issueAndConsumePickupRequiresPasskey()" classname="com.hungerbridge.common.TokenManagerPickupTest" time="0.003"/>
  <system-out><![CDATA[]]></system-out>
  <system-err><![CDATA[]]></system-err>
</testsuite>
