<?xml version="1.0" encoding="UTF-8"?>
<testsuite name="com.hungerbridge.common.PolicySemanticsTest" tests="3" skipped="0" failures="0" errors="0" timestamp="2026-09-08T03:51:13.958Z" hostname="bdce08eb-e372-4c24-8232-f7728e03ea13" time="0.021">
  <properties/>
  <testcase name="wildcardPermissionMatchesNewPermissionModel()" classname="com.hungerbridge.common.PolicySemanticsTest" time="0.001"/>
  <testcase name="emptyPermissionsPolicyDeniesAllActions()" classname="com.hungerbridge.common.PolicySemanticsTest" time="0.006"/>
  <testcase name="jsonBodyFieldOrderDoesNotAffectHmacVerification()" classname="com.hungerbridge.common.PolicySemanticsTest" time="0.013"/>
  <system-out><![CDATA[]]></system-out>
  <system-err><![CDATA[]]></system-err>
</testsuite>
